<?xml version="1.0" encoding="UTF-8"?>
<!-- Generated by org.testng.reporters.JUnitReportReporter -->
<testsuite skipped="0" hostname="Nish_Krupa" name="com.zoopla.testcases.HomePageTest" tests="2" failures="0" timestamp="20 Aug 2019 14:37:21 GMT" time="45.014" errors="0">
  <testcase name="verifyHomePageHeading" time="26.828" classname="com.zoopla.testcases.HomePageTest"/>
  <testcase name="clickOnMyEnquirieslinkTest" time="18.186" classname="com.zoopla.testcases.HomePageTest"/>
</testsuite> <!-- com.zoopla.testcases.HomePageTest -->
