<?xml version="1.0" encoding="UTF-8"?>
<!-- Generated by org.testng.reporters.JUnitReportReporter -->
<testsuite skipped="1" hostname="Nish_Krupa" name="com.zoopla.testcases.ForSaleTest" tests="2" failures="0" timestamp="20 Aug 2019 14:37:21 GMT" time="23.349" errors="0">
  <testcase name="clickOnPropertiesforSale" time="23.349" classname="com.zoopla.testcases.ForSaleTest"/>
  <testcase name="searchpropertiesforSale" time="0.000" classname="com.zoopla.testcases.ForSaleTest">
    <skipped/>
  </testcase> <!-- searchpropertiesforSale -->
</testsuite> <!-- com.zoopla.testcases.ForSaleTest -->
